mode: set
testcontainers-demo/repository/user_repository.go:15.52,17.2 1 1
testcontainers-demo/repository/user_repository.go:20.64,31.26 4 1
testcontainers-demo/repository/user_repository.go:31.26,33.3 1 1
testcontainers-demo/repository/user_repository.go:34.2,34.16 1 1
testcontainers-demo/repository/user_repository.go:34.16,36.3 1 0
testcontainers-demo/repository/user_repository.go:38.2,38.19 1 1
testcontainers-demo/repository/user_repository.go:42.73,53.26 4 1
testcontainers-demo/repository/user_repository.go:53.26,55.3 1 1
testcontainers-demo/repository/user_repository.go:56.2,56.16 1 1
testcontainers-demo/repository/user_repository.go:56.16,58.3 1 0
testcontainers-demo/repository/user_repository.go:60.2,60.19 1 1
testcontainers-demo/repository/user_repository.go:64.75,79.16 4 1
testcontainers-demo/repository/user_repository.go:79.16,81.3 1 1
testcontainers-demo/repository/user_repository.go:83.2,83.19 1 1
testcontainers-demo/repository/user_repository.go:87.67,91.16 3 1
testcontainers-demo/repository/user_repository.go:91.16,93.3 1 0
testcontainers-demo/repository/user_repository.go:95.2,96.16 2 1
testcontainers-demo/repository/user_repository.go:96.16,98.3 1 0
testcontainers-demo/repository/user_repository.go:100.2,100.23 1 1
testcontainers-demo/repository/user_repository.go:100.23,102.3 1 1
testcontainers-demo/repository/user_repository.go:104.2,104.12 1 1
testcontainers-demo/repository/user_repository.go:108.47,112.16 3 1
testcontainers-demo/repository/user_repository.go:112.16,114.3 1 0
testcontainers-demo/repository/user_repository.go:116.2,117.16 2 1
testcontainers-demo/repository/user_repository.go:117.16,119.3 1 0
testcontainers-demo/repository/user_repository.go:121.2,121.23 1 1
testcontainers-demo/repository/user_repository.go:121.23,123.3 1 1
testcontainers-demo/repository/user_repository.go:125.2,125.12 1 1
testcontainers-demo/repository/user_repository.go:129.56,133.16 3 1
testcontainers-demo/repository/user_repository.go:133.16,135.3 1 0
testcontainers-demo/repository/user_repository.go:136.2,139.18 3 1
testcontainers-demo/repository/user_repository.go:139.18,142.17 3 1
testcontainers-demo/repository/user_repository.go:142.17,144.4 1 0
testcontainers-demo/repository/user_repository.go:145.3,145.30 1 1
testcontainers-demo/repository/user_repository.go:148.2,148.34 1 1
testcontainers-demo/repository/user_repository.go:148.34,150.3 1 0
testcontainers-demo/repository/user_repository.go:152.2,152.19 1 1
testcontainers-demo/repository/user_repository.go:156.83,160.16 3 1
testcontainers-demo/repository/user_repository.go:160.16,162.3 1 0
testcontainers-demo/repository/user_repository.go:163.2,166.18 3 1
testcontainers-demo/repository/user_repository.go:166.18,169.17 3 1
testcontainers-demo/repository/user_repository.go:169.17,171.4 1 0
testcontainers-demo/repository/user_repository.go:172.3,172.30 1 1
testcontainers-demo/repository/user_repository.go:175.2,175.34 1 1
testcontainers-demo/repository/user_repository.go:175.34,177.3 1 0
testcontainers-demo/repository/user_repository.go:179.2,179.19 1 1
testcontainers-demo/repository/user_repository.go:183.52,188.16 4 1
testcontainers-demo/repository/user_repository.go:188.16,190.3 1 0
testcontainers-demo/repository/user_repository.go:192.2,192.19 1 1
testcontainers-demo/repository/user_repository.go:196.74,205.16 3 1
testcontainers-demo/repository/user_repository.go:205.16,207.3 1 0
testcontainers-demo/repository/user_repository.go:208.2,211.18 3 1
testcontainers-demo/repository/user_repository.go:211.18,214.17 3 1
testcontainers-demo/repository/user_repository.go:214.17,216.4 1 0
testcontainers-demo/repository/user_repository.go:217.3,217.30 1 1
testcontainers-demo/repository/user_repository.go:220.2,220.34 1 1
testcontainers-demo/repository/user_repository.go:220.34,222.3 1 0
testcontainers-demo/repository/user_repository.go:224.2,224.19 1 1
